<?xml version="1.0" encoding="UTF-8"?>
<testsuite xmlns:xsi="http://www.w3.org/2001/XMLSchema-instance" xsi:noNamespaceSchemaLocation="https://maven.apache.org/surefire/maven-surefire-plugin/xsd/surefire-test-report-3.0.xsd" version="3.0" name="com.demoqa.tests.WidgetsTests" time="5.463" tests="1" errors="0" skipped="0" failures="0">
  <properties>
[...]
</properties>
  <testcase name="autoCompleteTest" classname="com.demoqa.tests.WidgetsTests" time="5.46">
    <system-out><![CDATA[18:42:00.952 [main] INFO  com.demoqa.utils.MyListener -- Open URL - https://demoqa.com
18:42:02.623 [main] INFO  com.demoqa.core.TestBase -- Start test autoCompleteTest()
18:42:02.764 [main] INFO  com.demoqa.utils.MyListener -- We found element Decorated {[[ChromeDriver: chrome on windows (d14b702cf92102f6c03cdfd3fc668c5b)] -> css selector: .card:nth-child(4)]}
18:42:02.765 [main] INFO  com.demoqa.utils.MyListener -- We click on element [[ChromeDriver: chrome on windows (d14b702cf92102f6c03cdfd3fc668c5b)] -> css selector: .card:nth-child(4)]
18:42:03.199 [main] INFO  com.demoqa.utils.MyListener -- We found element Decorated {[[ChromeDriver: chrome on windows (d14b702cf92102f6c03cdfd3fc668c5b)] -> xpath: //span[.='Auto Complete']]}
18:42:03.199 [main] INFO  com.demoqa.utils.MyListener -- We click on element [[ChromeDriver: chrome on windows (d14b702cf92102f6c03cdfd3fc668c5b)] -> xpath: //span[.='Auto Complete']]
18:42:04.613 [main] INFO  com.demoqa.utils.MyListener -- We found element Decorated {[[ChromeDriver: chrome on windows (d14b702cf92102f6c03cdfd3fc668c5b)] -> id: autoCompleteMultipleInput]}
18:42:04.771 [main] INFO  com.demoqa.utils.MyListener -- We found element Decorated {[[ChromeDriver: chrome on windows (d14b702cf92102f6c03cdfd3fc668c5b)] -> id: autoCompleteMultipleInput]}
18:42:04.852 [main] INFO  com.demoqa.utils.MyListener -- We found element Decorated {[[ChromeDriver: chrome on windows (d14b702cf92102f6c03cdfd3fc668c5b)] -> id: autoCompleteMultipleContainer]}
18:42:05.202 [main] INFO  com.demoqa.core.TestBase -- Stop test
18:42:05.202 [main] INFO  com.demoqa.core.TestBase -- ========================================
]]></system-out>
    <system-err><![CDATA[May 05, 2025 6:42:00 PM org.openqa.selenium.manager.SeleniumManager lambda$runCommand$1
WARNING: The chromedriver version (135.0.7049.42) detected in PATH at C:\Tools\chromedriver.exe might not be compatible with the detected chrome version (136.0.7103.49); currently, chromedriver 136.0.7103.49 is recommended for chrome 136.*, so it is advised to delete the driver in PATH and retry
May 05, 2025 6:42:00 PM org.openqa.selenium.devtools.CdpVersionFinder findNearestMatch
WARNING: Unable to find an exact match for CDP version 136, returning the closest version; found: 135; Please update to a Selenium version that supports CDP version 136
]]></system-err>
  </testcase>
</testsuite>